<?xml version="1.0" encoding="UTF-8"?>
<testsuite xmlns:xsi="http://www.w3.org/2001/XMLSchema-instance" xsi:noNamespaceSchemaLocation="https://maven.apache.org/surefire/maven-failsafe-plugin/xsd/failsafe-test-report-3.0.xsd" version="3.0" name="com.mycompany.junit5testing.it.JUnit5ArqTest" time="1.42" tests="1" errors="0" skipped="0" failures="0">
  <properties>
[...]
</properties>
  <testcase name="JUnit5ArtTest" classname="com.mycompany.junit5testing.it.JUnit5ArqTest" time="0.097">
    <system-err><![CDATA[Apr. 08, 2021 5:02:11 PM org.jboss.weld.bootstrap.WeldStartup <clinit>
INFO: WELD-000900: 4.0.1 (Final)
Apr. 08, 2021 5:02:11 PM org.jboss.weld.bootstrap.WeldStartup startContainer
INFO: WELD-000101: Transactional services not available. Injection of @Inject UserTransaction not available. Transactional observers will be invoked synchronously.
]]></system-err>
  </testcase>
</testsuite>